<?xml version="1.0" encoding="UTF-8"?>
<testsuite name="SearchTests" tests="1" skipped="0" failures="0" errors="0" timestamp="2024-02-27T18:08:11" hostname="DESKTOP-PVS8RGT" time="0.021">
  <properties/>
  <testcase name="fusritName()" classname="SearchTests" time="0.021"/>
  <system-out><![CDATA[]]></system-out>
  <system-err><![CDATA[]]></system-err>
</testsuite>
